0 info it worked if it ends with ok
1 verbose cli [ '/Users/jwainwright/.nvm/versions/node/v6.4.0/bin/node',
1 verbose cli   '/Users/jwainwright/.nvm/versions/node/v6.4.0/bin/npm',
1 verbose cli   'publish' ]
2 info using npm@3.10.3
3 info using node@v6.4.0
4 verbose publish [ '.' ]
5 silly cache add args [ '.', null ]
6 verbose cache add spec .
7 silly cache add parsed spec Result {
7 silly cache add   raw: '.',
7 silly cache add   scope: null,
7 silly cache add   escapedName: null,
7 silly cache add   name: null,
7 silly cache add   rawSpec: '.',
7 silly cache add   spec: '/Users/jwainwright/Dropbox/me/git-docs/reframe.js',
7 silly cache add   type: 'directory' }
8 verbose addLocalDirectory /Users/jwainwright/.npm/reframe.js/0.3.3/package.tgz not in flight; packing
9 verbose correctMkdir /Users/jwainwright/.npm correctMkdir not in flight; initializing
10 info lifecycle reframe.js@0.3.3~prepublish: reframe.js@0.3.3
11 silly lifecycle reframe.js@0.3.3~prepublish: no script for prepublish, continuing
12 verbose tar pack [ '/Users/jwainwright/.npm/reframe.js/0.3.3/package.tgz',
12 verbose tar pack   '/Users/jwainwright/Dropbox/me/git-docs/reframe.js' ]
13 verbose tarball /Users/jwainwright/.npm/reframe.js/0.3.3/package.tgz
14 verbose folder /Users/jwainwright/Dropbox/me/git-docs/reframe.js
15 verbose addLocalTarball adding from inside cache /Users/jwainwright/.npm/reframe.js/0.3.3/package.tgz
16 verbose correctMkdir /Users/jwainwright/.npm correctMkdir not in flight; initializing
17 silly cache afterAdd reframe.js@0.3.3
18 verbose afterAdd /Users/jwainwright/.npm/reframe.js/0.3.3/package/package.json not in flight; writing
19 verbose correctMkdir /Users/jwainwright/.npm correctMkdir not in flight; initializing
20 verbose afterAdd /Users/jwainwright/.npm/reframe.js/0.3.3/package/package.json written
21 silly publish { name: 'reframe.js',
21 silly publish   version: '0.3.3',
21 silly publish   description: 'Reframe.js: responsive iframes for embedded content',
21 silly publish   main: 'dist/reframe.js',
21 silly publish   files: [ 'dist' ],
21 silly publish   scripts:
21 silly publish    { test: 'gulp test',
21 silly publish      postpublish: 'git tag $npm_package_version && git push origin --tags' },
21 silly publish   repository:
21 silly publish    { type: 'git',
21 silly publish      url: 'git+https://github.com/dollarshaveclub/reframe.js.git' },
21 silly publish   keywords:
21 silly publish    [ 'js',
21 silly publish      'iframes',
21 silly publish      'fluid',
21 silly publish      'responsive',
21 silly publish      'video',
21 silly publish      'fitvids',
21 silly publish      'youtube',
21 silly publish      'embeds',
21 silly publish      'padding-top' ],
21 silly publish   author:
21 silly publish    { name: 'Jeff Wainwright',
21 silly publish      email: 'jjwainwright2@gmail.com',
21 silly publish      url: 'http://jeffry.in' },
21 silly publish   license: 'ISC',
21 silly publish   bugs: { url: 'https://github.com/dollarshaveclub/reframe.js/issues' },
21 silly publish   homepage: 'https://github.com/dollarshaveclub/reframe.js#readme',
21 silly publish   devDependencies:
21 silly publish    { 'babel-core': '^6.14.0',
21 silly publish      'babel-preset-es2015': '^6.14.0',
21 silly publish      'babel-preset-es2015-rollup': '^1.2.0',
21 silly publish      bower: '^1.7.9',
21 silly publish      debug: '^2.2.0',
21 silly publish      eslint: '^3.4.0',
21 silly publish      'eslint-config-airbnb': '6.1.0',
21 silly publish      gulp: '^3.9.1',
21 silly publish      jquery: '^3.1.0',
21 silly publish      'node-qunit-phantomjs': '^1.4.0',
21 silly publish      qunit: '^0.9.1',
21 silly publish      rollup: '^0.34.13',
21 silly publish      'rollup-plugin-babel': '^2.6.1',
21 silly publish      'rollup-plugin-commonjs': '^4.1.0',
21 silly publish      'rollup-plugin-eslint': '^2.0.2',
21 silly publish      'rollup-plugin-node-resolve': '^2.0.0',
21 silly publish      'rollup-plugin-uglify': '^1.0.1' },
21 silly publish   readme: '![Reframe.js, reframe your content responsively](https://cloud.githubusercontent.com/assets/1074042/19376472/f01422cc-9192-11e6-950a-04298e406aca.jpg)\n\n\n[![npm version 0.3.2](https://badge.fury.io/js/reframe.js.svg)](https://www.npmjs.com/package/reframe.js)\n[![Bower version 0.3.2](https://badge.fury.io/bo/reframe.js.svg)](https://github.com/dollarshaveclub/reframe.js)\n[![Build Status](https://travis-ci.org/dollarshaveclub/reframe.js.svg?branch=master)](https://travis-ci.org/dollarshaveclub/reframe.js)\n[![Join the chat at https://gitter.im/reframe-js/Lobby](https://badges.gitter.im/Join%20Chat.svg)](https://gitter.im/reframe-js/Lobby)\n[![Share](https://img.shields.io/twitter/url/http/shields.io.svg?style=social&maxAge=2592000)](https://twitter.com/home?status=Reframe+unresponsive+elements+responsively.+%F0%9F%92%AAhttps%3A%2F%2Fgithub.com%2Fdollarshaveclub%2Freframe.js+%40DSCEngineering+%40yowainwright+%23JavaScript)\n\n## 🖼 Reframe.js\n\nReframe.js is a javascript plugin that makes elements scale at a fixed ratio.\n\nAlternatively, [noframe.js](#noframe) is provided. Noframe.js scales selected elements at a fixed ratio but **does not** wrap the selected elements.\n\n### Installing\nInstall via NPM\n```sh\nnpm i reframe.js --save-dev\n```\nor Bower\n```sh\nbower i reframe.js --save-dev\n```\n\n### Setup\n1.  Add `dist/reframe.js`\n2.  `reframe` the element you\'d like to re-frame.\n\n### Examples\n\n```javascript\nreframe(\'iframe\'); // Wrap all iFrames in the page\nreframe(document.getElementById(\'my-frame\')); // Pass a DOM element\nreframe(document.querySelectorAll(\'.my-targets\')) // Pass a live node list\n```\n\nElements that have been wrapped with reframe will not be wrapped twice.\n\n### How?\n\n**Reframe.js** wraps a specified element in a `div` that is an [intrinsic ratio](http://alistapart.com/article/creating-intrinsic-ratios-for-video) of the original element. This plugin is great for **embedded content** like `iframes` or `videos`.\n\n### Why Reframe.js?\n\n**Reframe.js** is inspired by [FitVids](https://github.com/davatron5000/FitVids.js) and does what FitVids does but without the need for `jQuery`. This makes the plugin highly valuable when including it in a module that has to be very small and with minimal dependencies. Here\'s a basic [codepen example](http://codepen.io/yowainwright/pen/7f34f86e716ea93013899a71752dbff6).\n\nThis plugin is small - `~1.3kb` unminified and is meant to do 1 thing - _wrap elements that aren\'t responsive and make them responsive_. 💪\n\n### Options\n\nIf you\'d like to not use the classname \'js-reframe\', just use your own.\n\n```javascript\nreframe(\'iframe\', \'my-classname\');\n```\n### jQuery\n\nYou can use **Reframe.js** with jQuery or Zepto as well.\n\n```javascript\n$(\'iframe\').reframe();\n\n// While using a custom class name\n$(\'iframe\').reframe(\'my-classname\');\n```\n<h2 id="noframe"><em>New:</em> Noframe.js</h2>\n\nNoframe.js makes the same ratio as Reframe.js using [css calc](https://developer.mozilla.org/en-US/docs/Web/CSS/calc).\n\nNoframe.js\'s doesn\'t wrap the element you\'d like to be responsive. It, instead, does a calculation based on its or a parent element\'s `max-width`. Here\'s a basic [codepen example](http://codepen.io/yowainwright/pen/19cd3f2fc3e00ce80e36285feae20b77).\n\n**Noframe.js Notes**\n-   The reframed element requires a parent element with a `max width` to scale above the selected elements intial size otherwise the reframed element will only scale below its initial size. 👍\n\n### Setup\n1.  Add `dist/noframe.js`\n2.  `noframe` the element you\'d like to re-frame.\n\n### Examples\n\n```javascript\nnoframe(\'iframe\');\nnoframe(\'iframe\', \'parent\');\n```\n\n### jQuery\n\nYou can use **Noframe.js** with jQuery as well.\n\n```javascript\n$(\'iframe\').noframe();\n$(\'iframe\').noframe(\'parent\');\n```\n## Reframe.js or Noframe.js?\n\nReframe.js offers the **simplest solution** to making elements scale at an intrinsic ratio.\n\nNoframe.js **doesn\'t wrap** the selected element to make it scale at an intrinsic ratio. Noframe.js is the ideal solution when various events, like tracking events, could be affected when an element is _wrapped_. It _does_ require a `width` or `max-width` which can involve a bit more setup awareness.\n',
21 silly publish   readmeFilename: 'README.md',
21 silly publish   gitHead: '8c06350338f3012fa37337bfd5adb96ca2cdb455',
21 silly publish   _id: 'reframe.js@0.3.3',
21 silly publish   _shasum: '0518248c17883507ac679b106f44ad3eff305454',
21 silly publish   _from: '.' }
22 verbose getPublishConfig undefined
23 silly mapToRegistry name reframe.js
24 silly mapToRegistry using default registry
25 silly mapToRegistry registry https://registry.npmjs.org/
26 silly mapToRegistry data Result {
26 silly mapToRegistry   raw: 'reframe.js',
26 silly mapToRegistry   scope: null,
26 silly mapToRegistry   escapedName: 'reframe.js',
26 silly mapToRegistry   name: 'reframe.js',
26 silly mapToRegistry   rawSpec: '',
26 silly mapToRegistry   spec: 'latest',
26 silly mapToRegistry   type: 'tag' }
27 silly mapToRegistry uri https://registry.npmjs.org/reframe.js
28 verbose publish registryBase https://registry.npmjs.org/
29 silly publish uploading /Users/jwainwright/.npm/reframe.js/0.3.3/package.tgz
30 verbose request uri https://registry.npmjs.org/reframe.js
31 verbose request sending authorization for write operation
32 info attempt registry request try #1 at 3:22:46 PM
33 verbose request using bearer token for auth
34 verbose request id efee0d8730c43265
35 http request PUT https://registry.npmjs.org/reframe.js
36 http 403 https://registry.npmjs.org/reframe.js
37 verbose headers { 'content-type': 'application/json',
37 verbose headers   'cache-control': 'max-age=300',
37 verbose headers   'content-length': '95',
37 verbose headers   'accept-ranges': 'bytes',
37 verbose headers   date: 'Wed, 26 Oct 2016 22:22:46 GMT',
37 verbose headers   via: '1.1 varnish',
37 verbose headers   connection: 'keep-alive',
37 verbose headers   'x-served-by': 'cache-sea1922-SEA',
37 verbose headers   'x-cache': 'MISS',
37 verbose headers   'x-cache-hits': '0',
37 verbose headers   'x-timer': 'S1477520566.297186,VS0,VE84',
37 verbose headers   vary: 'Accept-Encoding' }
38 verbose request invalidating /Users/jwainwright/.npm/registry.npmjs.org/reframe.js on PUT
39 error publish Failed PUT 403
40 verbose stack Error: "You cannot publish over the previously published version 0.3.3." : reframe.js
40 verbose stack     at makeError (/Users/jwainwright/.nvm/versions/node/v6.4.0/lib/node_modules/npm/node_modules/npm-registry-client/lib/request.js:264:12)
40 verbose stack     at CachingRegistryClient.<anonymous> (/Users/jwainwright/.nvm/versions/node/v6.4.0/lib/node_modules/npm/node_modules/npm-registry-client/lib/request.js:252:14)
40 verbose stack     at Request._callback (/Users/jwainwright/.nvm/versions/node/v6.4.0/lib/node_modules/npm/node_modules/npm-registry-client/lib/request.js:172:14)
40 verbose stack     at Request.self.callback (/Users/jwainwright/.nvm/versions/node/v6.4.0/lib/node_modules/npm/node_modules/request/request.js:200:22)
40 verbose stack     at emitTwo (events.js:106:13)
40 verbose stack     at Request.emit (events.js:191:7)
40 verbose stack     at Request.<anonymous> (/Users/jwainwright/.nvm/versions/node/v6.4.0/lib/node_modules/npm/node_modules/request/request.js:1067:10)
40 verbose stack     at emitOne (events.js:101:20)
40 verbose stack     at Request.emit (events.js:188:7)
40 verbose stack     at IncomingMessage.<anonymous> (/Users/jwainwright/.nvm/versions/node/v6.4.0/lib/node_modules/npm/node_modules/request/request.js:988:12)
41 verbose statusCode 403
42 verbose pkgid reframe.js
43 verbose cwd /Users/jwainwright/Dropbox/me/git-docs/reframe.js
44 error Darwin 15.6.0
45 error argv "/Users/jwainwright/.nvm/versions/node/v6.4.0/bin/node" "/Users/jwainwright/.nvm/versions/node/v6.4.0/bin/npm" "publish"
46 error node v6.4.0
47 error npm  v3.10.3
48 error code E403
49 error "You cannot publish over the previously published version 0.3.3." : reframe.js
50 error If you need help, you may report this error at:
50 error     <https://github.com/npm/npm/issues>
51 verbose exit [ 1, true ]
